D:/Homework/CloudHTTPRequestSystem/.idea/code-check\originalReport\pylint\report\filelist.conf
Using pylint 2.13.10.7 for python 3.8.8
pylint running on the following files:
- D:\Homework\CloudHTTPRequestSystem/python_security_empty.py
----
['--rcfile=D:/Homework/CloudHTTPRequestSystem/.idea/code-check\\originalReport\\pylint\\report\\pylint.conf', '--reports=n', '--output-format=colorized', '--msg-template', '{abspath}:{line}:{column}:{msg_id}:{msg}{obj}({symbol})', '--exit-zero', 'D:\\Homework\\CloudHTTPRequestSystem/python_security_empty.py']
************* Module python_security_empty
D:\Homework\CloudHTTPRequestSystem\python_security_empty.py:95:4:H3103:Duplicate string literal 'status' at line [108, 111, 133, 142].MaintainBiz.register_user(duplicate-string)
D:\Homework\CloudHTTPRequestSystem\python_security_empty.py:95:4:H3103:Duplicate string literal 'fail' at line [108, 111, 133].MaintainBiz.register_user(duplicate-string)
D:\Homework\CloudHTTPRequestSystem\python_security_empty.py:95:4:H3103:Duplicate string literal 'message' at line [108, 111, 133, 142].MaintainBiz.register_user(duplicate-string)
D:\Homework\CloudHTTPRequestSystem\python_security_empty.py:144:4:H3103:Duplicate string literal 'status' at line [155, 159, 165, 166, 167].MaintainBiz.query_user_info(duplicate-string)
D:\Homework\CloudHTTPRequestSystem\python_security_empty.py:144:4:H3103:Duplicate string literal 'fail' at line [155, 159, 165, 167].MaintainBiz.query_user_info(duplicate-string)
D:\Homework\CloudHTTPRequestSystem\python_security_empty.py:144:4:H3103:Duplicate string literal 'message' at line [155, 159, 165, 166, 167].MaintainBiz.query_user_info(duplicate-string)
D:\Homework\CloudHTTPRequestSystem\python_security_empty.py:169:4:H3103:Duplicate string literal 'status' at line [181, 182, 186, 193, 195].MaintainBiz.upload_script(duplicate-string)
D:\Homework\CloudHTTPRequestSystem\python_security_empty.py:169:4:H3103:Duplicate string literal 'fail' at line [181, 182, 186, 193].MaintainBiz.upload_script(duplicate-string)
D:\Homework\CloudHTTPRequestSystem\python_security_empty.py:169:4:H3103:Duplicate string literal 'message' at line [182, 186, 193, 196].MaintainBiz.upload_script(duplicate-string)
D:\Homework\CloudHTTPRequestSystem\python_security_empty.py:210:4:H3103:Duplicate string literal 'status' at line [223, 231, 235].MaintainBiz.process_maintain_script(duplicate-string)
D:\Homework\CloudHTTPRequestSystem\python_security_empty.py:210:4:H3103:Duplicate string literal 'message' at line [223, 231, 235].MaintainBiz.process_maintain_script(duplicate-string)
D:\Homework\CloudHTTPRequestSystem\python_security_empty.py:246:4:H2101:Method name "do_GET" doesn't conform to snake_case naming styleMyHTTPRequestHandler.do_GET(huawei-invalid-name)
D:\Homework\CloudHTTPRequestSystem\python_security_empty.py:264:4:H2101:Method name "do_POST" doesn't conform to snake_case naming styleMyHTTPRequestHandler.do_POST(huawei-invalid-name)
D:\Homework\CloudHTTPRequestSystem\python_security_empty.py:13:0:C0411:standard import "from datetime import datetime, timezone" should be placed before "import bcrypt"(wrong-import-order)
D:\Homework\CloudHTTPRequestSystem\python_security_empty.py:14:0:C0411:standard import "from http.server import BaseHTTPRequestHandler, HTTPServer" should be placed before "import bcrypt"(wrong-import-order)
D:\Homework\CloudHTTPRequestSystem\python_security_empty.py:15:0:C0411:standard import "from io import BytesIO" should be placed before "import bcrypt"(wrong-import-order)
D:\Homework\CloudHTTPRequestSystem\python_security_empty.py:16:0:C0411:standard import "from urllib.parse import parse_qs, urlsplit" should be placed before "import bcrypt"(wrong-import-order)

-----------------------------------
Your code has been rated at 9.76/10

